2025-08-07 00:03:30,420 [Worker-2: Loading available Gradle versions] INFO  o.e.b.c.i.u.g.PublishedGradleVersions - Gradle version information cache is up-to-date. Trying to read.
2025-08-07 00:06:59,757 [Worker-14: Launching mavenrun-a6b328b1-e59d-4197-830a-2f86ccd90287] INFO  o.eclipse.m2e.core.internal.Bundles - getClasspathEntries(Bundle=org.eclipse.m2e.maven.runtime_3.9.900.20240824-1409 [638])
2025-08-07 00:06:59,760 [Worker-14: Launching mavenrun-a6b328b1-e59d-4197-830a-2f86ccd90287] INFO  o.eclipse.m2e.core.internal.Bundles - 	Entry: /opt/eclipse-jee/plugins/org.eclipse.m2e.maven.runtime_3.9.900.20240824-1409
2025-08-07 00:06:59,760 [Worker-14: Launching mavenrun-a6b328b1-e59d-4197-830a-2f86ccd90287] INFO  o.eclipse.m2e.core.internal.Bundles - 	Entry: /opt/eclipse-jee/plugins/org.eclipse.m2e.maven.runtime_3.9.900.20240824-1409/jars/aopalliance-1.0.jar
2025-08-07 00:06:59,760 [Worker-14: Launching mavenrun-a6b328b1-e59d-4197-830a-2f86ccd90287] INFO  o.eclipse.m2e.core.internal.Bundles - 	Entry: /opt/eclipse-jee/plugins/org.eclipse.m2e.maven.runtime_3.9.900.20240824-1409/jars/guice-5.1.0.jar
2025-08-07 00:06:59,760 [Worker-14: Launching mavenrun-a6b328b1-e59d-4197-830a-2f86ccd90287] INFO  o.eclipse.m2e.core.internal.Bundles - 	Entry: /opt/eclipse-jee/plugins/org.eclipse.m2e.maven.runtime_3.9.900.20240824-1409/jars/httpclient-4.5.14.jar
2025-08-07 00:06:59,760 [Worker-14: Launching mavenrun-a6b328b1-e59d-4197-830a-2f86ccd90287] INFO  o.eclipse.m2e.core.internal.Bundles - 	Entry: /opt/eclipse-jee/plugins/org.eclipse.m2e.maven.runtime_3.9.900.20240824-1409/jars/httpcore-4.4.16.jar
2025-08-07 00:06:59,760 [Worker-14: Launching mavenrun-a6b328b1-e59d-4197-830a-2f86ccd90287] INFO  o.eclipse.m2e.core.internal.Bundles - 	Entry: /opt/eclipse-jee/plugins/org.eclipse.m2e.maven.runtime_3.9.900.20240824-1409/jars/jansi-2.4.1.jar
2025-08-07 00:06:59,760 [Worker-14: Launching mavenrun-a6b328b1-e59d-4197-830a-2f86ccd90287] INFO  o.eclipse.m2e.core.internal.Bundles - 	Entry: /opt/eclipse-jee/plugins/org.eclipse.m2e.maven.runtime_3.9.900.20240824-1409/jars/jcl-over-slf4j-1.7.36.jar
2025-08-07 00:06:59,760 [Worker-14: Launching mavenrun-a6b328b1-e59d-4197-830a-2f86ccd90287] INFO  o.eclipse.m2e.core.internal.Bundles - 	Entry: /opt/eclipse-jee/plugins/org.eclipse.m2e.maven.runtime_3.9.900.20240824-1409/jars/maven-artifact-3.9.9.jar
2025-08-07 00:06:59,760 [Worker-14: Launching mavenrun-a6b328b1-e59d-4197-830a-2f86ccd90287] INFO  o.eclipse.m2e.core.internal.Bundles - 	Entry: /opt/eclipse-jee/plugins/org.eclipse.m2e.maven.runtime_3.9.900.20240824-1409/jars/maven-builder-support-3.9.9.jar
2025-08-07 00:06:59,760 [Worker-14: Launching mavenrun-a6b328b1-e59d-4197-830a-2f86ccd90287] INFO  o.eclipse.m2e.core.internal.Bundles - 	Entry: /opt/eclipse-jee/plugins/org.eclipse.m2e.maven.runtime_3.9.900.20240824-1409/jars/maven-compat-3.9.9.jar
2025-08-07 00:06:59,761 [Worker-14: Launching mavenrun-a6b328b1-e59d-4197-830a-2f86ccd90287] INFO  o.eclipse.m2e.core.internal.Bundles - 	Entry: /opt/eclipse-jee/plugins/org.eclipse.m2e.maven.runtime_3.9.900.20240824-1409/jars/maven-core-3.9.9.jar
2025-08-07 00:06:59,761 [Worker-14: Launching mavenrun-a6b328b1-e59d-4197-830a-2f86ccd90287] INFO  o.eclipse.m2e.core.internal.Bundles - 	Entry: /opt/eclipse-jee/plugins/org.eclipse.m2e.maven.runtime_3.9.900.20240824-1409/jars/maven-embedder-3.9.9.jar
2025-08-07 00:06:59,761 [Worker-14: Launching mavenrun-a6b328b1-e59d-4197-830a-2f86ccd90287] INFO  o.eclipse.m2e.core.internal.Bundles - 	Entry: /opt/eclipse-jee/plugins/org.eclipse.m2e.maven.runtime_3.9.900.20240824-1409/jars/maven-model-3.9.9.jar
2025-08-07 00:06:59,761 [Worker-14: Launching mavenrun-a6b328b1-e59d-4197-830a-2f86ccd90287] INFO  o.eclipse.m2e.core.internal.Bundles - 	Entry: /opt/eclipse-jee/plugins/org.eclipse.m2e.maven.runtime_3.9.900.20240824-1409/jars/maven-model-builder-3.9.9.jar
2025-08-07 00:06:59,761 [Worker-14: Launching mavenrun-a6b328b1-e59d-4197-830a-2f86ccd90287] INFO  o.eclipse.m2e.core.internal.Bundles - 	Entry: /opt/eclipse-jee/plugins/org.eclipse.m2e.maven.runtime_3.9.900.20240824-1409/jars/maven-plugin-api-3.9.9.jar
2025-08-07 00:06:59,761 [Worker-14: Launching mavenrun-a6b328b1-e59d-4197-830a-2f86ccd90287] INFO  o.eclipse.m2e.core.internal.Bundles - 	Entry: /opt/eclipse-jee/plugins/org.eclipse.m2e.maven.runtime_3.9.900.20240824-1409/jars/maven-repository-metadata-3.9.9.jar
2025-08-07 00:06:59,761 [Worker-14: Launching mavenrun-a6b328b1-e59d-4197-830a-2f86ccd90287] INFO  o.eclipse.m2e.core.internal.Bundles - 	Entry: /opt/eclipse-jee/plugins/org.eclipse.m2e.maven.runtime_3.9.900.20240824-1409/jars/maven-resolver-api-1.9.22.jar
2025-08-07 00:06:59,761 [Worker-14: Launching mavenrun-a6b328b1-e59d-4197-830a-2f86ccd90287] INFO  o.eclipse.m2e.core.internal.Bundles - 	Entry: /opt/eclipse-jee/plugins/org.eclipse.m2e.maven.runtime_3.9.900.20240824-1409/jars/maven-resolver-connector-basic-1.9.22.jar
2025-08-07 00:06:59,761 [Worker-14: Launching mavenrun-a6b328b1-e59d-4197-830a-2f86ccd90287] INFO  o.eclipse.m2e.core.internal.Bundles - 	Entry: /opt/eclipse-jee/plugins/org.eclipse.m2e.maven.runtime_3.9.900.20240824-1409/jars/maven-resolver-impl-1.9.22.jar
2025-08-07 00:06:59,761 [Worker-14: Launching mavenrun-a6b328b1-e59d-4197-830a-2f86ccd90287] INFO  o.eclipse.m2e.core.internal.Bundles - 	Entry: /opt/eclipse-jee/plugins/org.eclipse.m2e.maven.runtime_3.9.900.20240824-1409/jars/maven-resolver-named-locks-1.9.22.jar
2025-08-07 00:06:59,761 [Worker-14: Launching mavenrun-a6b328b1-e59d-4197-830a-2f86ccd90287] INFO  o.eclipse.m2e.core.internal.Bundles - 	Entry: /opt/eclipse-jee/plugins/org.eclipse.m2e.maven.runtime_3.9.900.20240824-1409/jars/maven-resolver-provider-3.9.9.jar
2025-08-07 00:06:59,761 [Worker-14: Launching mavenrun-a6b328b1-e59d-4197-830a-2f86ccd90287] INFO  o.eclipse.m2e.core.internal.Bundles - 	Entry: /opt/eclipse-jee/plugins/org.eclipse.m2e.maven.runtime_3.9.900.20240824-1409/jars/maven-resolver-spi-1.9.22.jar
2025-08-07 00:06:59,761 [Worker-14: Launching mavenrun-a6b328b1-e59d-4197-830a-2f86ccd90287] INFO  o.eclipse.m2e.core.internal.Bundles - 	Entry: /opt/eclipse-jee/plugins/org.eclipse.m2e.maven.runtime_3.9.900.20240824-1409/jars/maven-resolver-transport-file-1.9.22.jar
2025-08-07 00:06:59,761 [Worker-14: Launching mavenrun-a6b328b1-e59d-4197-830a-2f86ccd90287] INFO  o.eclipse.m2e.core.internal.Bundles - 	Entry: /opt/eclipse-jee/plugins/org.eclipse.m2e.maven.runtime_3.9.900.20240824-1409/jars/maven-resolver-transport-http-1.9.22.jar
2025-08-07 00:06:59,761 [Worker-14: Launching mavenrun-a6b328b1-e59d-4197-830a-2f86ccd90287] INFO  o.eclipse.m2e.core.internal.Bundles - 	Entry: /opt/eclipse-jee/plugins/org.eclipse.m2e.maven.runtime_3.9.900.20240824-1409/jars/maven-resolver-transport-wagon-1.9.22.jar
2025-08-07 00:06:59,761 [Worker-14: Launching mavenrun-a6b328b1-e59d-4197-830a-2f86ccd90287] INFO  o.eclipse.m2e.core.internal.Bundles - 	Entry: /opt/eclipse-jee/plugins/org.eclipse.m2e.maven.runtime_3.9.900.20240824-1409/jars/maven-resolver-util-1.9.22.jar
2025-08-07 00:06:59,762 [Worker-14: Launching mavenrun-a6b328b1-e59d-4197-830a-2f86ccd90287] INFO  o.eclipse.m2e.core.internal.Bundles - 	Entry: /opt/eclipse-jee/plugins/org.eclipse.m2e.maven.runtime_3.9.900.20240824-1409/jars/maven-settings-3.9.9.jar
2025-08-07 00:06:59,762 [Worker-14: Launching mavenrun-a6b328b1-e59d-4197-830a-2f86ccd90287] INFO  o.eclipse.m2e.core.internal.Bundles - 	Entry: /opt/eclipse-jee/plugins/org.eclipse.m2e.maven.runtime_3.9.900.20240824-1409/jars/maven-settings-builder-3.9.9.jar
2025-08-07 00:06:59,762 [Worker-14: Launching mavenrun-a6b328b1-e59d-4197-830a-2f86ccd90287] INFO  o.eclipse.m2e.core.internal.Bundles - 	Entry: /opt/eclipse-jee/plugins/org.eclipse.m2e.maven.runtime_3.9.900.20240824-1409/jars/maven-shared-utils-3.4.2.jar
2025-08-07 00:06:59,762 [Worker-14: Launching mavenrun-a6b328b1-e59d-4197-830a-2f86ccd90287] INFO  o.eclipse.m2e.core.internal.Bundles - 	Entry: /opt/eclipse-jee/plugins/org.eclipse.m2e.maven.runtime_3.9.900.20240824-1409/jars/org.eclipse.sisu.inject-0.9.0.M3.jar
2025-08-07 00:06:59,762 [Worker-14: Launching mavenrun-a6b328b1-e59d-4197-830a-2f86ccd90287] INFO  o.eclipse.m2e.core.internal.Bundles - 	Entry: /opt/eclipse-jee/plugins/org.eclipse.m2e.maven.runtime_3.9.900.20240824-1409/jars/org.eclipse.sisu.plexus-0.9.0.M3.jar
2025-08-07 00:06:59,762 [Worker-14: Launching mavenrun-a6b328b1-e59d-4197-830a-2f86ccd90287] INFO  o.eclipse.m2e.core.internal.Bundles - 	Entry: /opt/eclipse-jee/plugins/org.eclipse.m2e.maven.runtime_3.9.900.20240824-1409/jars/plexus-build-api-0.0.7.jar
2025-08-07 00:06:59,762 [Worker-14: Launching mavenrun-a6b328b1-e59d-4197-830a-2f86ccd90287] INFO  o.eclipse.m2e.core.internal.Bundles - 	Entry: /opt/eclipse-jee/plugins/org.eclipse.m2e.maven.runtime_3.9.900.20240824-1409/jars/plexus-build-api-1.2.0.jar
2025-08-07 00:06:59,762 [Worker-14: Launching mavenrun-a6b328b1-e59d-4197-830a-2f86ccd90287] INFO  o.eclipse.m2e.core.internal.Bundles - 	Entry: /opt/eclipse-jee/plugins/org.eclipse.m2e.maven.runtime_3.9.900.20240824-1409/jars/plexus-cipher-2.0.jar
2025-08-07 00:06:59,766 [Worker-14: Launching mavenrun-a6b328b1-e59d-4197-830a-2f86ccd90287] INFO  o.eclipse.m2e.core.internal.Bundles - 	Entry: /opt/eclipse-jee/plugins/org.eclipse.m2e.maven.runtime_3.9.900.20240824-1409/jars/plexus-classworlds-2.8.0.jar
2025-08-07 00:06:59,766 [Worker-14: Launching mavenrun-a6b328b1-e59d-4197-830a-2f86ccd90287] INFO  o.eclipse.m2e.core.internal.Bundles - 	Entry: /opt/eclipse-jee/plugins/org.eclipse.m2e.maven.runtime_3.9.900.20240824-1409/jars/plexus-component-annotations-2.1.0.jar
2025-08-07 00:06:59,766 [Worker-14: Launching mavenrun-a6b328b1-e59d-4197-830a-2f86ccd90287] INFO  o.eclipse.m2e.core.internal.Bundles - 	Entry: /opt/eclipse-jee/plugins/org.eclipse.m2e.maven.runtime_3.9.900.20240824-1409/jars/plexus-interpolation-1.27.jar
2025-08-07 00:06:59,767 [Worker-14: Launching mavenrun-a6b328b1-e59d-4197-830a-2f86ccd90287] INFO  o.eclipse.m2e.core.internal.Bundles - 	Entry: /opt/eclipse-jee/plugins/org.eclipse.m2e.maven.runtime_3.9.900.20240824-1409/jars/plexus-sec-dispatcher-2.0.jar
2025-08-07 00:06:59,767 [Worker-14: Launching mavenrun-a6b328b1-e59d-4197-830a-2f86ccd90287] INFO  o.eclipse.m2e.core.internal.Bundles - 	Entry: /opt/eclipse-jee/plugins/org.eclipse.m2e.maven.runtime_3.9.900.20240824-1409/jars/plexus-utils-3.5.1.jar
2025-08-07 00:06:59,767 [Worker-14: Launching mavenrun-a6b328b1-e59d-4197-830a-2f86ccd90287] INFO  o.eclipse.m2e.core.internal.Bundles - 	Entry: /opt/eclipse-jee/plugins/org.eclipse.m2e.maven.runtime_3.9.900.20240824-1409/jars/plexus-xml-3.0.1.jar
2025-08-07 00:06:59,767 [Worker-14: Launching mavenrun-a6b328b1-e59d-4197-830a-2f86ccd90287] INFO  o.eclipse.m2e.core.internal.Bundles - 	Entry: /opt/eclipse-jee/plugins/org.eclipse.m2e.maven.runtime_3.9.900.20240824-1409/jars/wagon-file-3.5.3.jar
2025-08-07 00:06:59,767 [Worker-14: Launching mavenrun-a6b328b1-e59d-4197-830a-2f86ccd90287] INFO  o.eclipse.m2e.core.internal.Bundles - 	Entry: /opt/eclipse-jee/plugins/org.eclipse.m2e.maven.runtime_3.9.900.20240824-1409/jars/wagon-http-3.5.3.jar
2025-08-07 00:06:59,767 [Worker-14: Launching mavenrun-a6b328b1-e59d-4197-830a-2f86ccd90287] INFO  o.eclipse.m2e.core.internal.Bundles - 	Entry: /opt/eclipse-jee/plugins/org.eclipse.m2e.maven.runtime_3.9.900.20240824-1409/jars/wagon-http-shared-3.5.3.jar
2025-08-07 00:06:59,767 [Worker-14: Launching mavenrun-a6b328b1-e59d-4197-830a-2f86ccd90287] INFO  o.eclipse.m2e.core.internal.Bundles - 	Entry: /opt/eclipse-jee/plugins/org.eclipse.m2e.maven.runtime_3.9.900.20240824-1409/jars/wagon-provider-api-3.5.3.jar
2025-08-07 00:06:59,768 [Worker-14: Launching mavenrun-a6b328b1-e59d-4197-830a-2f86ccd90287] INFO  o.eclipse.m2e.core.internal.Bundles - getClasspathEntries(Bundle=com.google.guava_33.3.1.jre [16])
2025-08-07 00:06:59,769 [Worker-14: Launching mavenrun-a6b328b1-e59d-4197-830a-2f86ccd90287] INFO  o.eclipse.m2e.core.internal.Bundles - 	Entry: /opt/eclipse-jee/plugins/com.google.guava_33.3.1.jre.jar
2025-08-07 00:06:59,769 [Worker-14: Launching mavenrun-a6b328b1-e59d-4197-830a-2f86ccd90287] INFO  o.eclipse.m2e.core.internal.Bundles - getClasspathEntries(Bundle=slf4j.api_2.0.16 [1004])
2025-08-07 00:06:59,769 [Worker-14: Launching mavenrun-a6b328b1-e59d-4197-830a-2f86ccd90287] INFO  o.eclipse.m2e.core.internal.Bundles - 	Entry: /opt/eclipse-jee/plugins/slf4j.api_2.0.16.jar
2025-08-07 00:06:59,769 [Worker-14: Launching mavenrun-a6b328b1-e59d-4197-830a-2f86ccd90287] INFO  o.eclipse.m2e.core.internal.Bundles - getClasspathEntries(Bundle=jakarta.inject.jakarta.inject-api_1.0.5 [34])
2025-08-07 00:06:59,769 [Worker-14: Launching mavenrun-a6b328b1-e59d-4197-830a-2f86ccd90287] INFO  o.eclipse.m2e.core.internal.Bundles - 	Entry: /opt/eclipse-jee/plugins/jakarta.inject.jakarta.inject-api_1.0.5.jar
2025-08-07 00:06:59,769 [Worker-14: Launching mavenrun-a6b328b1-e59d-4197-830a-2f86ccd90287] INFO  o.eclipse.m2e.core.internal.Bundles - getClasspathEntries(Bundle=jakarta.annotation-api_1.3.5 [29])
2025-08-07 00:06:59,769 [Worker-14: Launching mavenrun-a6b328b1-e59d-4197-830a-2f86ccd90287] INFO  o.eclipse.m2e.core.internal.Bundles - 	Entry: /opt/eclipse-jee/plugins/jakarta.annotation-api_1.3.5.jar
2025-08-07 00:06:59,769 [Worker-14: Launching mavenrun-a6b328b1-e59d-4197-830a-2f86ccd90287] INFO  o.eclipse.m2e.core.internal.Bundles - getClasspathEntries(Bundle=org.apache.commons.cli_1.9.0 [75])
2025-08-07 00:06:59,769 [Worker-14: Launching mavenrun-a6b328b1-e59d-4197-830a-2f86ccd90287] INFO  o.eclipse.m2e.core.internal.Bundles - 	Entry: /opt/eclipse-jee/plugins/org.apache.commons.cli_1.9.0.jar
2025-08-07 00:06:59,769 [Worker-14: Launching mavenrun-a6b328b1-e59d-4197-830a-2f86ccd90287] INFO  o.eclipse.m2e.core.internal.Bundles - getClasspathEntries(Bundle=org.apache.commons.commons-codec_1.16.0 [78])
2025-08-07 00:06:59,769 [Worker-14: Launching mavenrun-a6b328b1-e59d-4197-830a-2f86ccd90287] INFO  o.eclipse.m2e.core.internal.Bundles - 	Entry: /opt/eclipse-jee/plugins/org.apache.commons.commons-codec_1.16.0.jar
2025-08-07 00:06:59,769 [Worker-14: Launching mavenrun-a6b328b1-e59d-4197-830a-2f86ccd90287] INFO  o.eclipse.m2e.core.internal.Bundles - getClasspathEntries(Bundle=com.google.guava.failureaccess_1.0.2 [17])
2025-08-07 00:06:59,769 [Worker-14: Launching mavenrun-a6b328b1-e59d-4197-830a-2f86ccd90287] INFO  o.eclipse.m2e.core.internal.Bundles - 	Entry: /opt/eclipse-jee/plugins/com.google.guava.failureaccess_1.0.2.jar
2025-08-07 00:06:59,776 [Worker-14: Launching mavenrun-a6b328b1-e59d-4197-830a-2f86ccd90287] INFO  o.e.m.i.launch.MavenLaunchDelegate - Run build in "/tmp/m2e-archetypeGenerator13909732897026309726":
2025-08-07 00:06:59,788 [Worker-14: Launching mavenrun-a6b328b1-e59d-4197-830a-2f86ccd90287] INFO  o.e.m.i.launch.MavenLaunchDelegate -  mvn  -DarchetypeGroupId=org.apache.maven.archetypes -DarchetypeArtifactId=maven-archetype-webapp -DarchetypeVersion=1.5 -DgroupId=com.module.payment -DartifactId=razorpay-demo -Dversion=0.0.1-SNAPSHOT -Dpackage=com.module.payment -DoutputDirectory=/home/omkar/Documents/omkar/Modules -Dstyle.color=always -U archetype:generate
2025-08-07 00:07:14,134 [Worker-15: Creating maven-archetype-webapp] INFO  o.e.m.c.i.p.ProjectConfigurationManager - Collecting project info '/pom.xml' /home/omkar/Documents/omkar/Modules/razorpay-demo/pom.xml
2025-08-07 00:07:14,761 [Worker-15: Creating maven-archetype-webapp] INFO  o.e.m.c.i.l.LifecycleMappingFactory - Using org.maven.ide.eclipse.wtp.WarLifecycleMapping lifecycle mapping for MavenProject: com.module.payment:razorpay-demo:0.0.1-SNAPSHOT @ /home/omkar/Documents/omkar/Modules/razorpay-demo/pom.xml.
2025-08-07 00:07:15,408 [Worker-15: Creating maven-archetype-webapp] INFO  o.e.m.j.i.AbstractJavaProjectConfigurator - Adding source folder /razorpay-demo/src/main/java
2025-08-07 00:07:15,410 [Worker-15: Creating maven-archetype-webapp] INFO  o.e.m.j.i.AbstractJavaProjectConfigurator - Adding resource folder /razorpay-demo/src/main/resources
2025-08-07 00:07:15,412 [Worker-15: Creating maven-archetype-webapp] INFO  o.e.m.j.i.AbstractJavaProjectConfigurator - Adding source folder /razorpay-demo/src/test/java
2025-08-07 00:07:15,412 [Worker-15: Creating maven-archetype-webapp] INFO  o.e.m.j.i.AbstractJavaProjectConfigurator - Adding resource folder /razorpay-demo/src/test/resources
2025-08-07 00:07:16,948 [Worker-15: Creating maven-archetype-webapp] INFO  o.e.m.c.i.p.ProjectConfigurationManager - Imported and configured 1 project(s) in 2 sec
2025-08-07 00:07:17,689 [Worker-25: Building] INFO  o.a.m.s.f.DefaultMavenResourcesFiltering - skip non existing resourceDirectory /home/omkar/Documents/omkar/Modules/razorpay-demo/src/main/resources
2025-08-07 00:07:17,694 [Worker-25: Building] INFO  o.a.m.s.f.DefaultMavenResourcesFiltering - skip non existing resourceDirectory /home/omkar/Documents/omkar/Modules/razorpay-demo/src/test/resources
2025-08-07 00:09:30,127 [Worker-1: Loading available Gradle versions] INFO  o.e.b.c.i.u.g.PublishedGradleVersions - Gradle version information cache is up-to-date. Trying to read.
2025-08-07 00:10:19,856 [Worker-13: Building] INFO  o.a.m.s.f.DefaultMavenResourcesFiltering - skip non existing resourceDirectory /home/omkar/Documents/omkar/Modules/razorpay-demo/src/main/resources
2025-08-07 00:10:19,864 [Worker-13: Building] INFO  o.a.m.s.f.DefaultMavenResourcesFiltering - skip non existing resourceDirectory /home/omkar/Documents/omkar/Modules/razorpay-demo/src/test/resources
2025-08-07 00:10:33,846 [Worker-3: Building] INFO  o.a.m.s.f.DefaultMavenResourcesFiltering - skip non existing resourceDirectory /home/omkar/Documents/omkar/Modules/razorpay-demo/src/main/resources
2025-08-07 00:10:33,856 [Worker-3: Building] INFO  o.a.m.s.f.DefaultMavenResourcesFiltering - skip non existing resourceDirectory /home/omkar/Documents/omkar/Modules/razorpay-demo/src/test/resources
2025-08-07 00:10:51,764 [Worker-18: Building] INFO  o.a.m.s.f.DefaultMavenResourcesFiltering - skip non existing resourceDirectory /home/omkar/Documents/omkar/Modules/razorpay-demo/src/main/resources
2025-08-07 00:10:51,770 [Worker-18: Building] INFO  o.a.m.s.f.DefaultMavenResourcesFiltering - skip non existing resourceDirectory /home/omkar/Documents/omkar/Modules/razorpay-demo/src/test/resources
2025-08-07 00:11:11,130 [Worker-0: Loading available Gradle versions] INFO  o.e.b.c.i.u.g.PublishedGradleVersions - Gradle version information cache is up-to-date. Trying to read.
2025-08-07 00:12:42,757 [Worker-17: Building] INFO  o.a.m.s.f.DefaultMavenResourcesFiltering - skip non existing resourceDirectory /home/omkar/Documents/omkar/Modules/razorpay-demo/src/main/resources
2025-08-07 00:12:42,767 [Worker-17: Building] INFO  o.a.m.s.f.DefaultMavenResourcesFiltering - skip non existing resourceDirectory /home/omkar/Documents/omkar/Modules/razorpay-demo/src/test/resources
2025-08-07 00:12:53,135 [Worker-17: Building] INFO  o.a.m.s.f.DefaultMavenResourcesFiltering - skip non existing resourceDirectory /home/omkar/Documents/omkar/Modules/razorpay-demo/src/main/resources
2025-08-07 00:12:53,138 [Worker-17: Building] INFO  o.a.m.s.f.DefaultMavenResourcesFiltering - skip non existing resourceDirectory /home/omkar/Documents/omkar/Modules/razorpay-demo/src/test/resources
2025-08-07 00:14:47,272 [Worker-8: Building] INFO  o.a.m.s.f.DefaultMavenResourcesFiltering - skip non existing resourceDirectory /home/omkar/Documents/omkar/Modules/razorpay-demo/src/main/resources
2025-08-07 00:14:47,275 [Worker-8: Building] INFO  o.a.m.s.f.DefaultMavenResourcesFiltering - skip non existing resourceDirectory /home/omkar/Documents/omkar/Modules/razorpay-demo/src/test/resources
2025-08-07 00:15:49,655 [Worker-19: Building] INFO  o.e.m.c.i.l.LifecycleMappingFactory - Using org.maven.ide.eclipse.wtp.WarLifecycleMapping lifecycle mapping for MavenProject: com.module.payment:razorpay-demo:0.0.1-SNAPSHOT @ /home/omkar/Documents/omkar/Modules/razorpay-demo/pom.xml.
2025-08-07 00:15:49,843 [Worker-19: Building] INFO  o.a.m.s.f.DefaultMavenResourcesFiltering - skip non existing resourceDirectory /home/omkar/Documents/omkar/Modules/razorpay-demo/src/main/resources
2025-08-07 00:15:49,847 [Worker-19: Building] INFO  o.a.m.s.f.DefaultMavenResourcesFiltering - skip non existing resourceDirectory /home/omkar/Documents/omkar/Modules/razorpay-demo/src/test/resources
2025-08-07 00:15:49,847 [Worker-19: Building] INFO  o.e.m.w.i.f.ResourceFilteringBuildParticipant - Changed resources require a complete clean of filtered resources of razorpay-demo
2025-08-07 00:15:49,848 [Worker-19: Building] INFO  o.e.m.w.i.f.ResourceFilteringBuildParticipant - Executing resource filtering for razorpay-demo
2025-08-07 00:15:57,470 [Worker-21: Building] INFO  o.a.m.s.f.DefaultMavenResourcesFiltering - skip non existing resourceDirectory /home/omkar/Documents/omkar/Modules/razorpay-demo/src/main/resources
2025-08-07 00:15:57,476 [Worker-21: Building] INFO  o.a.m.s.f.DefaultMavenResourcesFiltering - skip non existing resourceDirectory /home/omkar/Documents/omkar/Modules/razorpay-demo/src/test/resources
2025-08-07 00:16:59,459 [Worker-9: Building] INFO  o.a.m.s.f.DefaultMavenResourcesFiltering - skip non existing resourceDirectory /home/omkar/Documents/omkar/Modules/razorpay-demo/src/main/resources
2025-08-07 00:16:59,462 [Worker-9: Building] INFO  o.a.m.s.f.DefaultMavenResourcesFiltering - skip non existing resourceDirectory /home/omkar/Documents/omkar/Modules/razorpay-demo/src/test/resources
2025-08-07 00:18:17,615 [Worker-9: Building] INFO  o.a.m.s.f.DefaultMavenResourcesFiltering - skip non existing resourceDirectory /home/omkar/Documents/omkar/Modules/razorpay-demo/src/main/resources
2025-08-07 00:18:17,618 [Worker-9: Building] INFO  o.a.m.s.f.DefaultMavenResourcesFiltering - skip non existing resourceDirectory /home/omkar/Documents/omkar/Modules/razorpay-demo/src/test/resources
2025-08-07 00:20:32,992 [Worker-19: Building] INFO  o.a.m.s.f.DefaultMavenResourcesFiltering - skip non existing resourceDirectory /home/omkar/Documents/omkar/Modules/razorpay-demo/src/main/resources
2025-08-07 00:20:32,997 [Worker-19: Building] INFO  o.a.m.s.f.DefaultMavenResourcesFiltering - skip non existing resourceDirectory /home/omkar/Documents/omkar/Modules/razorpay-demo/src/test/resources
2025-08-07 00:20:52,215 [Worker-22: Building] INFO  o.a.m.s.f.DefaultMavenResourcesFiltering - skip non existing resourceDirectory /home/omkar/Documents/omkar/Modules/razorpay-demo/src/main/resources
2025-08-07 00:20:52,217 [Worker-22: Building] INFO  o.a.m.s.f.DefaultMavenResourcesFiltering - skip non existing resourceDirectory /home/omkar/Documents/omkar/Modules/razorpay-demo/src/test/resources
2025-08-07 00:20:58,571 [Worker-8: Building] INFO  o.a.m.s.f.DefaultMavenResourcesFiltering - skip non existing resourceDirectory /home/omkar/Documents/omkar/Modules/razorpay-demo/src/main/resources
2025-08-07 00:20:58,574 [Worker-8: Building] INFO  o.a.m.s.f.DefaultMavenResourcesFiltering - skip non existing resourceDirectory /home/omkar/Documents/omkar/Modules/razorpay-demo/src/test/resources
2025-08-07 00:22:57,051 [Worker-23: Building] INFO  o.a.m.s.f.DefaultMavenResourcesFiltering - skip non existing resourceDirectory /home/omkar/Documents/omkar/Modules/razorpay-demo/src/main/resources
2025-08-07 00:22:57,053 [Worker-23: Building] INFO  o.a.m.s.f.DefaultMavenResourcesFiltering - skip non existing resourceDirectory /home/omkar/Documents/omkar/Modules/razorpay-demo/src/test/resources
2025-08-07 00:23:07,756 [Worker-20: Building] INFO  o.a.m.s.f.DefaultMavenResourcesFiltering - skip non existing resourceDirectory /home/omkar/Documents/omkar/Modules/razorpay-demo/src/main/resources
2025-08-07 00:23:07,760 [Worker-20: Building] INFO  o.a.m.s.f.DefaultMavenResourcesFiltering - skip non existing resourceDirectory /home/omkar/Documents/omkar/Modules/razorpay-demo/src/test/resources
2025-08-07 00:30:08,840 [Worker-21: Building] INFO  o.a.m.s.f.DefaultMavenResourcesFiltering - skip non existing resourceDirectory /home/omkar/Documents/omkar/Modules/razorpay-demo/src/main/resources
2025-08-07 00:30:08,843 [Worker-21: Building] INFO  o.a.m.s.f.DefaultMavenResourcesFiltering - skip non existing resourceDirectory /home/omkar/Documents/omkar/Modules/razorpay-demo/src/test/resources
2025-08-07 00:37:05,478 [Worker-23: Building] INFO  o.a.m.s.f.DefaultMavenResourcesFiltering - skip non existing resourceDirectory /home/omkar/Documents/omkar/Modules/razorpay-demo/src/main/resources
2025-08-07 00:37:05,482 [Worker-23: Building] INFO  o.a.m.s.f.DefaultMavenResourcesFiltering - skip non existing resourceDirectory /home/omkar/Documents/omkar/Modules/razorpay-demo/src/test/resources
2025-08-07 00:38:10,796 [Worker-20: Building] INFO  o.a.m.s.f.DefaultMavenResourcesFiltering - skip non existing resourceDirectory /home/omkar/Documents/omkar/Modules/razorpay-demo/src/main/resources
2025-08-07 00:38:10,799 [Worker-20: Building] INFO  o.a.m.s.f.DefaultMavenResourcesFiltering - skip non existing resourceDirectory /home/omkar/Documents/omkar/Modules/razorpay-demo/src/test/resources
2025-08-07 00:39:55,097 [Worker-19: Building] INFO  o.e.m.c.i.l.LifecycleMappingFactory - Using org.maven.ide.eclipse.wtp.WarLifecycleMapping lifecycle mapping for MavenProject: com.module.payment:razorpay-demo:0.0.1-SNAPSHOT @ /home/omkar/Documents/omkar/Modules/razorpay-demo/pom.xml.
2025-08-07 00:39:55,583 [Worker-19: Building] INFO  o.e.m.c.i.e.AbstractTransferListenerAdapter - Downloading https://repo.maven.apache.org/maven2/com/razorpay/razorpay-java/1.4.8/razorpay-java-1.4.8.pom
2025-08-07 00:39:55,593 [Worker-19: Building] INFO  o.e.m.c.i.e.AbstractTransferListenerAdapter - Downloaded https://repo.maven.apache.org/maven2/com/razorpay/razorpay-java/1.4.8/razorpay-java-1.4.8.pom
2025-08-07 00:39:55,829 [Worker-19: Building] INFO  o.e.m.c.i.e.AbstractTransferListenerAdapter - Downloading https://repo.maven.apache.org/maven2/org/json/json/20231013/json-20231013.pom
2025-08-07 00:39:55,832 [Worker-19: Building] INFO  o.e.m.c.i.e.AbstractTransferListenerAdapter - Downloaded https://repo.maven.apache.org/maven2/org/json/json/20231013/json-20231013.pom
2025-08-07 00:39:56,083 [Worker-19: Building] INFO  o.e.m.c.i.e.AbstractTransferListenerAdapter - Downloading https://repo.maven.apache.org/maven2/com/squareup/okhttp3/okhttp/3.10.0/okhttp-3.10.0.pom
2025-08-07 00:39:56,085 [Worker-19: Building] INFO  o.e.m.c.i.e.AbstractTransferListenerAdapter - Downloaded https://repo.maven.apache.org/maven2/com/squareup/okhttp3/okhttp/3.10.0/okhttp-3.10.0.pom
2025-08-07 00:39:56,107 [Worker-19: Building] INFO  o.e.m.c.i.e.AbstractTransferListenerAdapter - Downloading https://repo.maven.apache.org/maven2/com/squareup/okhttp3/parent/3.10.0/parent-3.10.0.pom
2025-08-07 00:39:56,132 [Worker-19: Building] INFO  o.e.m.c.i.e.AbstractTransferListenerAdapter - Downloaded https://repo.maven.apache.org/maven2/com/squareup/okhttp3/parent/3.10.0/parent-3.10.0.pom
2025-08-07 00:39:56,152 [Worker-19: Building] INFO  o.e.m.c.i.e.AbstractTransferListenerAdapter - Downloading https://repo.maven.apache.org/maven2/com/squareup/okio/okio/1.14.0/okio-1.14.0.pom
2025-08-07 00:39:56,153 [Worker-19: Building] INFO  o.e.m.c.i.e.AbstractTransferListenerAdapter - Downloaded https://repo.maven.apache.org/maven2/com/squareup/okio/okio/1.14.0/okio-1.14.0.pom
2025-08-07 00:39:56,175 [Worker-19: Building] INFO  o.e.m.c.i.e.AbstractTransferListenerAdapter - Downloading https://repo.maven.apache.org/maven2/com/squareup/okio/okio-parent/1.14.0/okio-parent-1.14.0.pom
2025-08-07 00:39:56,178 [Worker-19: Building] INFO  o.e.m.c.i.e.AbstractTransferListenerAdapter - Downloaded https://repo.maven.apache.org/maven2/com/squareup/okio/okio-parent/1.14.0/okio-parent-1.14.0.pom
2025-08-07 00:39:56,210 [Worker-19: Building] INFO  o.e.m.c.i.e.AbstractTransferListenerAdapter - Downloading https://repo.maven.apache.org/maven2/com/squareup/okhttp3/logging-interceptor/3.10.0/logging-interceptor-3.10.0.pom
2025-08-07 00:39:56,212 [Worker-19: Building] INFO  o.e.m.c.i.e.AbstractTransferListenerAdapter - Downloaded https://repo.maven.apache.org/maven2/com/squareup/okhttp3/logging-interceptor/3.10.0/logging-interceptor-3.10.0.pom
2025-08-07 00:39:56,355 [Worker-19: Building] INFO  o.e.m.c.i.e.AbstractTransferListenerAdapter - Downloading https://repo.maven.apache.org/maven2/com/razorpay/razorpay-java/1.4.8/razorpay-java-1.4.8.jar
2025-08-07 00:39:56,379 [Worker-19: Building] INFO  o.e.m.c.i.e.AbstractTransferListenerAdapter - Downloaded https://repo.maven.apache.org/maven2/com/razorpay/razorpay-java/1.4.8/razorpay-java-1.4.8.jar
2025-08-07 00:39:56,390 [BasicRepositoryConnector-repo.maven.apache.org-0-0] INFO  o.e.m.c.i.e.AbstractTransferListenerAdapter - Downloading https://repo.maven.apache.org/maven2/com/squareup/okhttp3/okhttp/3.10.0/okhttp-3.10.0.jar
2025-08-07 00:39:56,460 [BasicRepositoryConnector-repo.maven.apache.org-0-4] INFO  o.e.m.c.i.e.AbstractTransferListenerAdapter - Downloading https://repo.maven.apache.org/maven2/org/apache/commons/commons-lang3/3.7/commons-lang3-3.7.jar
2025-08-07 00:39:56,479 [BasicRepositoryConnector-repo.maven.apache.org-0-2] INFO  o.e.m.c.i.e.AbstractTransferListenerAdapter - Downloading https://repo.maven.apache.org/maven2/com/squareup/okhttp3/logging-interceptor/3.10.0/logging-interceptor-3.10.0.jar
2025-08-07 00:39:56,483 [BasicRepositoryConnector-repo.maven.apache.org-0-2] INFO  o.e.m.c.i.e.AbstractTransferListenerAdapter - Downloaded https://repo.maven.apache.org/maven2/com/squareup/okhttp3/logging-interceptor/3.10.0/logging-interceptor-3.10.0.jar
2025-08-07 00:39:56,542 [BasicRepositoryConnector-repo.maven.apache.org-0-1] INFO  o.e.m.c.i.e.AbstractTransferListenerAdapter - Downloading https://repo.maven.apache.org/maven2/com/squareup/okio/okio/1.14.0/okio-1.14.0.jar
2025-08-07 00:39:56,648 [BasicRepositoryConnector-repo.maven.apache.org-0-3] INFO  o.e.m.c.i.e.AbstractTransferListenerAdapter - Downloading https://repo.maven.apache.org/maven2/org/apache/commons/commons-text/1.3/commons-text-1.3.jar
2025-08-07 00:39:56,802 [BasicRepositoryConnector-repo.maven.apache.org-0-1] INFO  o.e.m.c.i.e.AbstractTransferListenerAdapter - Downloaded https://repo.maven.apache.org/maven2/com/squareup/okio/okio/1.14.0/okio-1.14.0.jar
2025-08-07 00:39:56,877 [BasicRepositoryConnector-repo.maven.apache.org-0-3] INFO  o.e.m.c.i.e.AbstractTransferListenerAdapter - Downloaded https://repo.maven.apache.org/maven2/org/apache/commons/commons-text/1.3/commons-text-1.3.jar
2025-08-07 00:39:56,936 [BasicRepositoryConnector-repo.maven.apache.org-0-0] INFO  o.e.m.c.i.e.AbstractTransferListenerAdapter - Downloaded https://repo.maven.apache.org/maven2/com/squareup/okhttp3/okhttp/3.10.0/okhttp-3.10.0.jar
2025-08-07 00:39:57,218 [BasicRepositoryConnector-repo.maven.apache.org-0-4] INFO  o.e.m.c.i.e.AbstractTransferListenerAdapter - Downloaded https://repo.maven.apache.org/maven2/org/apache/commons/commons-lang3/3.7/commons-lang3-3.7.jar
2025-08-07 00:39:57,429 [Worker-19: Building] INFO  o.a.m.s.f.DefaultMavenResourcesFiltering - skip non existing resourceDirectory /home/omkar/Documents/omkar/Modules/razorpay-demo/src/main/resources
2025-08-07 00:39:57,435 [Worker-19: Building] INFO  o.a.m.s.f.DefaultMavenResourcesFiltering - skip non existing resourceDirectory /home/omkar/Documents/omkar/Modules/razorpay-demo/src/test/resources
2025-08-07 00:39:57,435 [Worker-19: Building] INFO  o.e.m.w.i.f.ResourceFilteringBuildParticipant - Changed resources require a complete clean of filtered resources of razorpay-demo
2025-08-07 00:39:57,435 [Worker-19: Building] INFO  o.e.m.w.i.f.ResourceFilteringBuildParticipant - Executing resource filtering for razorpay-demo
2025-08-07 00:39:58,384 [Worker-19: Download sources and javadoc] INFO  o.e.m.c.i.e.AbstractTransferListenerAdapter - Downloading https://repo.maven.apache.org/maven2/com/razorpay/razorpay-java/1.4.8/razorpay-java-1.4.8-sources.jar
2025-08-07 00:39:58,439 [Worker-19: Download sources and javadoc] INFO  o.e.m.c.i.e.AbstractTransferListenerAdapter - Downloaded https://repo.maven.apache.org/maven2/com/razorpay/razorpay-java/1.4.8/razorpay-java-1.4.8-sources.jar
2025-08-07 00:39:58,442 [Worker-19: Download sources and javadoc] INFO  o.e.m.j.internal.DownloadSourcesJob - Downloaded sources for com.razorpay:razorpay-java:1.4.8
2025-08-07 00:39:58,472 [Worker-19: Download sources and javadoc] INFO  o.e.m.c.i.e.AbstractTransferListenerAdapter - Downloading https://repo.maven.apache.org/maven2/com/squareup/okhttp3/okhttp/3.10.0/okhttp-3.10.0-sources.jar
2025-08-07 00:39:58,638 [Worker-19: Download sources and javadoc] INFO  o.e.m.c.i.e.AbstractTransferListenerAdapter - Downloaded https://repo.maven.apache.org/maven2/com/squareup/okhttp3/okhttp/3.10.0/okhttp-3.10.0-sources.jar
2025-08-07 00:39:58,640 [Worker-19: Download sources and javadoc] INFO  o.e.m.j.internal.DownloadSourcesJob - Downloaded sources for com.squareup.okhttp3:okhttp:3.10.0
2025-08-07 00:39:58,673 [Worker-19: Download sources and javadoc] INFO  o.e.m.c.i.e.AbstractTransferListenerAdapter - Downloading https://repo.maven.apache.org/maven2/com/squareup/okio/okio/1.14.0/okio-1.14.0-sources.jar
2025-08-07 00:39:58,732 [Worker-19: Download sources and javadoc] INFO  o.e.m.c.i.e.AbstractTransferListenerAdapter - Downloaded https://repo.maven.apache.org/maven2/com/squareup/okio/okio/1.14.0/okio-1.14.0-sources.jar
2025-08-07 00:39:58,733 [Worker-19: Download sources and javadoc] INFO  o.e.m.j.internal.DownloadSourcesJob - Downloaded sources for com.squareup.okio:okio:1.14.0
2025-08-07 00:39:58,821 [Worker-19: Download sources and javadoc] INFO  o.e.m.c.i.e.AbstractTransferListenerAdapter - Downloading https://repo.maven.apache.org/maven2/com/squareup/okhttp3/logging-interceptor/3.10.0/logging-interceptor-3.10.0-sources.jar
2025-08-07 00:39:58,823 [Worker-19: Download sources and javadoc] INFO  o.e.m.c.i.e.AbstractTransferListenerAdapter - Downloaded https://repo.maven.apache.org/maven2/com/squareup/okhttp3/logging-interceptor/3.10.0/logging-interceptor-3.10.0-sources.jar
2025-08-07 00:39:58,824 [Worker-19: Download sources and javadoc] INFO  o.e.m.j.internal.DownloadSourcesJob - Downloaded sources for com.squareup.okhttp3:logging-interceptor:3.10.0
2025-08-07 00:39:58,854 [Worker-19: Download sources and javadoc] INFO  o.e.m.c.i.e.AbstractTransferListenerAdapter - Downloading https://repo.maven.apache.org/maven2/org/apache/commons/commons-text/1.3/commons-text-1.3-sources.jar
2025-08-07 00:39:59,092 [Worker-19: Download sources and javadoc] INFO  o.e.m.c.i.e.AbstractTransferListenerAdapter - Downloaded https://repo.maven.apache.org/maven2/org/apache/commons/commons-text/1.3/commons-text-1.3-sources.jar
2025-08-07 00:39:59,093 [Worker-19: Download sources and javadoc] INFO  o.e.m.j.internal.DownloadSourcesJob - Downloaded sources for org.apache.commons:commons-text:1.3
2025-08-07 00:39:59,171 [Worker-19: Download sources and javadoc] INFO  o.e.m.c.i.e.AbstractTransferListenerAdapter - Downloading https://repo.maven.apache.org/maven2/org/apache/commons/commons-lang3/3.7/commons-lang3-3.7-sources.jar
2025-08-07 00:39:59,413 [Worker-19: Download sources and javadoc] INFO  o.e.m.c.i.e.AbstractTransferListenerAdapter - Downloaded https://repo.maven.apache.org/maven2/org/apache/commons/commons-lang3/3.7/commons-lang3-3.7-sources.jar
2025-08-07 00:39:59,414 [Worker-19: Download sources and javadoc] INFO  o.e.m.j.internal.DownloadSourcesJob - Downloaded sources for org.apache.commons:commons-lang3:3.7
2025-08-07 00:39:59,730 [Worker-8: Building] INFO  o.a.m.s.f.DefaultMavenResourcesFiltering - skip non existing resourceDirectory /home/omkar/Documents/omkar/Modules/razorpay-demo/src/main/resources
2025-08-07 00:39:59,735 [Worker-8: Building] INFO  o.a.m.s.f.DefaultMavenResourcesFiltering - skip non existing resourceDirectory /home/omkar/Documents/omkar/Modules/razorpay-demo/src/test/resources
2025-08-07 00:40:52,061 [Worker-25: Building] INFO  o.a.m.s.f.DefaultMavenResourcesFiltering - skip non existing resourceDirectory /home/omkar/Documents/omkar/Modules/razorpay-demo/src/main/resources
2025-08-07 00:40:52,067 [Worker-25: Building] INFO  o.a.m.s.f.DefaultMavenResourcesFiltering - skip non existing resourceDirectory /home/omkar/Documents/omkar/Modules/razorpay-demo/src/test/resources
2025-08-07 00:40:55,216 [Worker-9: Building] INFO  o.a.m.s.f.DefaultMavenResourcesFiltering - skip non existing resourceDirectory /home/omkar/Documents/omkar/Modules/razorpay-demo/src/main/resources
2025-08-07 00:40:55,218 [Worker-9: Building] INFO  o.a.m.s.f.DefaultMavenResourcesFiltering - skip non existing resourceDirectory /home/omkar/Documents/omkar/Modules/razorpay-demo/src/test/resources
2025-08-07 00:42:13,910 [Worker-20: Building] INFO  o.a.m.s.f.DefaultMavenResourcesFiltering - skip non existing resourceDirectory /home/omkar/Documents/omkar/Modules/razorpay-demo/src/main/resources
2025-08-07 00:42:13,912 [Worker-20: Building] INFO  o.a.m.s.f.DefaultMavenResourcesFiltering - skip non existing resourceDirectory /home/omkar/Documents/omkar/Modules/razorpay-demo/src/test/resources
2025-08-07 00:42:20,487 [Worker-9: Building] INFO  o.a.m.s.f.DefaultMavenResourcesFiltering - skip non existing resourceDirectory /home/omkar/Documents/omkar/Modules/razorpay-demo/src/main/resources
2025-08-07 00:42:20,489 [Worker-9: Building] INFO  o.a.m.s.f.DefaultMavenResourcesFiltering - skip non existing resourceDirectory /home/omkar/Documents/omkar/Modules/razorpay-demo/src/test/resources
2025-08-07 00:42:50,584 [Worker-20: Building] INFO  o.a.m.s.f.DefaultMavenResourcesFiltering - skip non existing resourceDirectory /home/omkar/Documents/omkar/Modules/razorpay-demo/src/main/resources
2025-08-07 00:42:50,587 [Worker-20: Building] INFO  o.a.m.s.f.DefaultMavenResourcesFiltering - skip non existing resourceDirectory /home/omkar/Documents/omkar/Modules/razorpay-demo/src/test/resources
2025-08-07 00:43:45,891 [Worker-9: Building] INFO  o.a.m.s.f.DefaultMavenResourcesFiltering - skip non existing resourceDirectory /home/omkar/Documents/omkar/Modules/razorpay-demo/src/main/resources
2025-08-07 00:43:45,893 [Worker-9: Building] INFO  o.a.m.s.f.DefaultMavenResourcesFiltering - skip non existing resourceDirectory /home/omkar/Documents/omkar/Modules/razorpay-demo/src/test/resources
2025-08-07 00:44:10,955 [Worker-20: Building] INFO  o.a.m.s.f.DefaultMavenResourcesFiltering - skip non existing resourceDirectory /home/omkar/Documents/omkar/Modules/razorpay-demo/src/main/resources
2025-08-07 00:44:10,958 [Worker-20: Building] INFO  o.a.m.s.f.DefaultMavenResourcesFiltering - skip non existing resourceDirectory /home/omkar/Documents/omkar/Modules/razorpay-demo/src/test/resources
2025-08-07 00:44:23,087 [Worker-9: Building] INFO  o.a.m.s.f.DefaultMavenResourcesFiltering - skip non existing resourceDirectory /home/omkar/Documents/omkar/Modules/razorpay-demo/src/main/resources
2025-08-07 00:44:23,090 [Worker-9: Building] INFO  o.a.m.s.f.DefaultMavenResourcesFiltering - skip non existing resourceDirectory /home/omkar/Documents/omkar/Modules/razorpay-demo/src/test/resources
2025-08-07 00:50:19,836 [Worker-29: Building] INFO  o.a.m.s.f.DefaultMavenResourcesFiltering - skip non existing resourceDirectory /home/omkar/Documents/omkar/Modules/razorpay-demo/src/main/resources
2025-08-07 00:50:19,839 [Worker-29: Building] INFO  o.a.m.s.f.DefaultMavenResourcesFiltering - skip non existing resourceDirectory /home/omkar/Documents/omkar/Modules/razorpay-demo/src/test/resources
2025-08-07 00:50:41,180 [Worker-26: Building] INFO  o.a.m.s.f.DefaultMavenResourcesFiltering - skip non existing resourceDirectory /home/omkar/Documents/omkar/Modules/razorpay-demo/src/main/resources
2025-08-07 00:50:41,182 [Worker-26: Building] INFO  o.a.m.s.f.DefaultMavenResourcesFiltering - skip non existing resourceDirectory /home/omkar/Documents/omkar/Modules/razorpay-demo/src/test/resources
2025-08-07 00:51:38,388 [Worker-27: Building] INFO  o.a.m.s.f.DefaultMavenResourcesFiltering - skip non existing resourceDirectory /home/omkar/Documents/omkar/Modules/razorpay-demo/src/main/resources
2025-08-07 00:51:38,390 [Worker-27: Building] INFO  o.a.m.s.f.DefaultMavenResourcesFiltering - skip non existing resourceDirectory /home/omkar/Documents/omkar/Modules/razorpay-demo/src/test/resources
2025-08-07 00:54:27,806 [Worker-30: Building] INFO  o.a.m.s.f.DefaultMavenResourcesFiltering - skip non existing resourceDirectory /home/omkar/Documents/omkar/Modules/razorpay-demo/src/main/resources
2025-08-07 00:54:27,808 [Worker-30: Building] INFO  o.a.m.s.f.DefaultMavenResourcesFiltering - skip non existing resourceDirectory /home/omkar/Documents/omkar/Modules/razorpay-demo/src/test/resources
2025-08-07 00:56:52,884 [Worker-27: Building] INFO  o.a.m.s.f.DefaultMavenResourcesFiltering - skip non existing resourceDirectory /home/omkar/Documents/omkar/Modules/razorpay-demo/src/main/resources
2025-08-07 00:56:52,887 [Worker-27: Building] INFO  o.a.m.s.f.DefaultMavenResourcesFiltering - skip non existing resourceDirectory /home/omkar/Documents/omkar/Modules/razorpay-demo/src/test/resources
2025-08-07 00:56:54,962 [Worker-35: Building] INFO  o.a.m.s.f.DefaultMavenResourcesFiltering - skip non existing resourceDirectory /home/omkar/Documents/omkar/Modules/razorpay-demo/src/main/resources
2025-08-07 00:56:54,965 [Worker-35: Building] INFO  o.a.m.s.f.DefaultMavenResourcesFiltering - skip non existing resourceDirectory /home/omkar/Documents/omkar/Modules/razorpay-demo/src/test/resources
2025-08-07 00:57:11,962 [Worker-35: Building] INFO  o.a.m.s.f.DefaultMavenResourcesFiltering - skip non existing resourceDirectory /home/omkar/Documents/omkar/Modules/razorpay-demo/src/main/resources
2025-08-07 00:57:11,964 [Worker-35: Building] INFO  o.a.m.s.f.DefaultMavenResourcesFiltering - skip non existing resourceDirectory /home/omkar/Documents/omkar/Modules/razorpay-demo/src/test/resources
2025-08-07 00:58:21,679 [Worker-33: Building] INFO  o.a.m.s.f.DefaultMavenResourcesFiltering - skip non existing resourceDirectory /home/omkar/Documents/omkar/Modules/razorpay-demo/src/main/resources
2025-08-07 00:58:21,680 [Worker-33: Building] INFO  o.a.m.s.f.DefaultMavenResourcesFiltering - skip non existing resourceDirectory /home/omkar/Documents/omkar/Modules/razorpay-demo/src/test/resources
2025-08-07 00:58:30,657 [Worker-32: Building] INFO  o.a.m.s.f.DefaultMavenResourcesFiltering - skip non existing resourceDirectory /home/omkar/Documents/omkar/Modules/razorpay-demo/src/main/resources
2025-08-07 00:58:30,659 [Worker-32: Building] INFO  o.a.m.s.f.DefaultMavenResourcesFiltering - skip non existing resourceDirectory /home/omkar/Documents/omkar/Modules/razorpay-demo/src/test/resources
2025-08-07 00:58:50,037 [Worker-32: Building] INFO  o.a.m.s.f.DefaultMavenResourcesFiltering - skip non existing resourceDirectory /home/omkar/Documents/omkar/Modules/razorpay-demo/src/main/resources
2025-08-07 00:58:50,040 [Worker-32: Building] INFO  o.a.m.s.f.DefaultMavenResourcesFiltering - skip non existing resourceDirectory /home/omkar/Documents/omkar/Modules/razorpay-demo/src/test/resources
2025-08-07 00:58:55,164 [Worker-27: Building] INFO  o.a.m.s.f.DefaultMavenResourcesFiltering - skip non existing resourceDirectory /home/omkar/Documents/omkar/Modules/razorpay-demo/src/main/resources
2025-08-07 00:58:55,168 [Worker-27: Building] INFO  o.a.m.s.f.DefaultMavenResourcesFiltering - skip non existing resourceDirectory /home/omkar/Documents/omkar/Modules/razorpay-demo/src/test/resources
2025-08-07 00:59:10,470 [Worker-30: Building] INFO  o.a.m.s.f.DefaultMavenResourcesFiltering - skip non existing resourceDirectory /home/omkar/Documents/omkar/Modules/razorpay-demo/src/main/resources
2025-08-07 00:59:10,480 [Worker-30: Building] INFO  o.a.m.s.f.DefaultMavenResourcesFiltering - skip non existing resourceDirectory /home/omkar/Documents/omkar/Modules/razorpay-demo/src/test/resources
2025-08-07 01:00:12,626 [Worker-33: Building] INFO  o.a.m.s.f.DefaultMavenResourcesFiltering - skip non existing resourceDirectory /home/omkar/Documents/omkar/Modules/razorpay-demo/src/main/resources
2025-08-07 01:00:12,629 [Worker-33: Building] INFO  o.a.m.s.f.DefaultMavenResourcesFiltering - skip non existing resourceDirectory /home/omkar/Documents/omkar/Modules/razorpay-demo/src/test/resources
2025-08-07 01:00:18,855 [Worker-35: Building] INFO  o.a.m.s.f.DefaultMavenResourcesFiltering - skip non existing resourceDirectory /home/omkar/Documents/omkar/Modules/razorpay-demo/src/main/resources
2025-08-07 01:00:18,857 [Worker-35: Building] INFO  o.a.m.s.f.DefaultMavenResourcesFiltering - skip non existing resourceDirectory /home/omkar/Documents/omkar/Modules/razorpay-demo/src/test/resources
2025-08-07 01:00:33,210 [Worker-30: Building] INFO  o.a.m.s.f.DefaultMavenResourcesFiltering - skip non existing resourceDirectory /home/omkar/Documents/omkar/Modules/razorpay-demo/src/main/resources
2025-08-07 01:00:33,212 [Worker-30: Building] INFO  o.a.m.s.f.DefaultMavenResourcesFiltering - skip non existing resourceDirectory /home/omkar/Documents/omkar/Modules/razorpay-demo/src/test/resources
2025-08-07 01:00:39,307 [Worker-32: Building] INFO  o.a.m.s.f.DefaultMavenResourcesFiltering - skip non existing resourceDirectory /home/omkar/Documents/omkar/Modules/razorpay-demo/src/main/resources
2025-08-07 01:00:39,309 [Worker-32: Building] INFO  o.a.m.s.f.DefaultMavenResourcesFiltering - skip non existing resourceDirectory /home/omkar/Documents/omkar/Modules/razorpay-demo/src/test/resources
2025-08-07 01:00:54,535 [Worker-32: Building] INFO  o.a.m.s.f.DefaultMavenResourcesFiltering - skip non existing resourceDirectory /home/omkar/Documents/omkar/Modules/razorpay-demo/src/main/resources
2025-08-07 01:00:54,537 [Worker-32: Building] INFO  o.a.m.s.f.DefaultMavenResourcesFiltering - skip non existing resourceDirectory /home/omkar/Documents/omkar/Modules/razorpay-demo/src/test/resources
2025-08-07 01:00:58,666 [Worker-32: Building] INFO  o.a.m.s.f.DefaultMavenResourcesFiltering - skip non existing resourceDirectory /home/omkar/Documents/omkar/Modules/razorpay-demo/src/main/resources
2025-08-07 01:00:58,667 [Worker-32: Building] INFO  o.a.m.s.f.DefaultMavenResourcesFiltering - skip non existing resourceDirectory /home/omkar/Documents/omkar/Modules/razorpay-demo/src/test/resources
2025-08-07 01:01:04,938 [Worker-33: Building] INFO  o.a.m.s.f.DefaultMavenResourcesFiltering - skip non existing resourceDirectory /home/omkar/Documents/omkar/Modules/razorpay-demo/src/main/resources
2025-08-07 01:01:04,940 [Worker-33: Building] INFO  o.a.m.s.f.DefaultMavenResourcesFiltering - skip non existing resourceDirectory /home/omkar/Documents/omkar/Modules/razorpay-demo/src/test/resources
2025-08-07 01:01:42,038 [Worker-32: Building] INFO  o.a.m.s.f.DefaultMavenResourcesFiltering - skip non existing resourceDirectory /home/omkar/Documents/omkar/Modules/razorpay-demo/src/main/resources
2025-08-07 01:01:42,040 [Worker-32: Building] INFO  o.a.m.s.f.DefaultMavenResourcesFiltering - skip non existing resourceDirectory /home/omkar/Documents/omkar/Modules/razorpay-demo/src/test/resources
2025-08-07 01:01:51,416 [Worker-33: Building] INFO  o.a.m.s.f.DefaultMavenResourcesFiltering - skip non existing resourceDirectory /home/omkar/Documents/omkar/Modules/razorpay-demo/src/main/resources
2025-08-07 01:01:51,418 [Worker-33: Building] INFO  o.a.m.s.f.DefaultMavenResourcesFiltering - skip non existing resourceDirectory /home/omkar/Documents/omkar/Modules/razorpay-demo/src/test/resources
2025-08-07 01:02:08,548 [Worker-27: Building] INFO  o.a.m.s.f.DefaultMavenResourcesFiltering - skip non existing resourceDirectory /home/omkar/Documents/omkar/Modules/razorpay-demo/src/main/resources
2025-08-07 01:02:08,550 [Worker-27: Building] INFO  o.a.m.s.f.DefaultMavenResourcesFiltering - skip non existing resourceDirectory /home/omkar/Documents/omkar/Modules/razorpay-demo/src/test/resources
2025-08-07 01:02:16,102 [Worker-30: Building] INFO  o.a.m.s.f.DefaultMavenResourcesFiltering - skip non existing resourceDirectory /home/omkar/Documents/omkar/Modules/razorpay-demo/src/main/resources
2025-08-07 01:02:16,104 [Worker-30: Building] INFO  o.a.m.s.f.DefaultMavenResourcesFiltering - skip non existing resourceDirectory /home/omkar/Documents/omkar/Modules/razorpay-demo/src/test/resources
2025-08-07 01:03:00,721 [Worker-33: Building] INFO  o.a.m.s.f.DefaultMavenResourcesFiltering - skip non existing resourceDirectory /home/omkar/Documents/omkar/Modules/razorpay-demo/src/main/resources
2025-08-07 01:03:00,723 [Worker-33: Building] INFO  o.a.m.s.f.DefaultMavenResourcesFiltering - skip non existing resourceDirectory /home/omkar/Documents/omkar/Modules/razorpay-demo/src/test/resources
2025-08-07 01:03:29,663 [Worker-30: Building] INFO  o.a.m.s.f.DefaultMavenResourcesFiltering - skip non existing resourceDirectory /home/omkar/Documents/omkar/Modules/razorpay-demo/src/main/resources
2025-08-07 01:03:29,665 [Worker-30: Building] INFO  o.a.m.s.f.DefaultMavenResourcesFiltering - skip non existing resourceDirectory /home/omkar/Documents/omkar/Modules/razorpay-demo/src/test/resources
2025-08-07 01:04:23,703 [Worker-27: Building] INFO  o.a.m.s.f.DefaultMavenResourcesFiltering - skip non existing resourceDirectory /home/omkar/Documents/omkar/Modules/razorpay-demo/src/main/resources
2025-08-07 01:04:23,705 [Worker-27: Building] INFO  o.a.m.s.f.DefaultMavenResourcesFiltering - skip non existing resourceDirectory /home/omkar/Documents/omkar/Modules/razorpay-demo/src/test/resources
2025-08-07 01:04:44,754 [Worker-36: Building] INFO  o.a.m.s.f.DefaultMavenResourcesFiltering - skip non existing resourceDirectory /home/omkar/Documents/omkar/Modules/razorpay-demo/src/main/resources
2025-08-07 01:04:44,756 [Worker-36: Building] INFO  o.a.m.s.f.DefaultMavenResourcesFiltering - skip non existing resourceDirectory /home/omkar/Documents/omkar/Modules/razorpay-demo/src/test/resources
2025-08-07 01:07:26,396 [Worker-27: Building] INFO  o.a.m.s.f.DefaultMavenResourcesFiltering - skip non existing resourceDirectory /home/omkar/Documents/omkar/Modules/razorpay-demo/src/main/resources
2025-08-07 01:07:26,397 [Worker-27: Building] INFO  o.a.m.s.f.DefaultMavenResourcesFiltering - skip non existing resourceDirectory /home/omkar/Documents/omkar/Modules/razorpay-demo/src/test/resources
2025-08-07 01:08:00,569 [Worker-27: Building] INFO  o.a.m.s.f.DefaultMavenResourcesFiltering - skip non existing resourceDirectory /home/omkar/Documents/omkar/Modules/razorpay-demo/src/main/resources
2025-08-07 01:08:00,572 [Worker-27: Building] INFO  o.a.m.s.f.DefaultMavenResourcesFiltering - skip non existing resourceDirectory /home/omkar/Documents/omkar/Modules/razorpay-demo/src/test/resources
2025-08-07 01:08:43,217 [Worker-30: Building] INFO  o.a.m.s.f.DefaultMavenResourcesFiltering - skip non existing resourceDirectory /home/omkar/Documents/omkar/Modules/razorpay-demo/src/main/resources
2025-08-07 01:08:43,219 [Worker-30: Building] INFO  o.a.m.s.f.DefaultMavenResourcesFiltering - skip non existing resourceDirectory /home/omkar/Documents/omkar/Modules/razorpay-demo/src/test/resources
2025-08-07 01:09:46,694 [Worker-35: Building] INFO  o.a.m.s.f.DefaultMavenResourcesFiltering - skip non existing resourceDirectory /home/omkar/Documents/omkar/Modules/razorpay-demo/src/main/resources
2025-08-07 01:09:46,697 [Worker-35: Building] INFO  o.a.m.s.f.DefaultMavenResourcesFiltering - skip non existing resourceDirectory /home/omkar/Documents/omkar/Modules/razorpay-demo/src/test/resources
2025-08-07 01:18:39,343 [Worker-37: Building] INFO  o.a.m.s.f.DefaultMavenResourcesFiltering - skip non existing resourceDirectory /home/omkar/Documents/omkar/Modules/razorpay-demo/src/main/resources
2025-08-07 01:18:39,346 [Worker-37: Building] INFO  o.a.m.s.f.DefaultMavenResourcesFiltering - skip non existing resourceDirectory /home/omkar/Documents/omkar/Modules/razorpay-demo/src/test/resources
2025-08-07 01:20:02,988 [Worker-40: Building] INFO  o.a.m.s.f.DefaultMavenResourcesFiltering - skip non existing resourceDirectory /home/omkar/Documents/omkar/Modules/razorpay-demo/src/main/resources
2025-08-07 01:20:02,990 [Worker-40: Building] INFO  o.a.m.s.f.DefaultMavenResourcesFiltering - skip non existing resourceDirectory /home/omkar/Documents/omkar/Modules/razorpay-demo/src/test/resources
2025-08-07 01:20:33,178 [Worker-41: Building] INFO  o.a.m.s.f.DefaultMavenResourcesFiltering - skip non existing resourceDirectory /home/omkar/Documents/omkar/Modules/razorpay-demo/src/main/resources
2025-08-07 01:20:33,181 [Worker-41: Building] INFO  o.a.m.s.f.DefaultMavenResourcesFiltering - skip non existing resourceDirectory /home/omkar/Documents/omkar/Modules/razorpay-demo/src/test/resources
2025-08-07 01:21:28,914 [Worker-44: Building] INFO  o.a.m.s.f.DefaultMavenResourcesFiltering - skip non existing resourceDirectory /home/omkar/Documents/omkar/Modules/razorpay-demo/src/main/resources
2025-08-07 01:21:28,916 [Worker-44: Building] INFO  o.a.m.s.f.DefaultMavenResourcesFiltering - skip non existing resourceDirectory /home/omkar/Documents/omkar/Modules/razorpay-demo/src/test/resources
2025-08-07 01:23:08,358 [Worker-41: Building] INFO  o.a.m.s.f.DefaultMavenResourcesFiltering - skip non existing resourceDirectory /home/omkar/Documents/omkar/Modules/razorpay-demo/src/main/resources
2025-08-07 01:23:08,364 [Worker-41: Building] INFO  o.a.m.s.f.DefaultMavenResourcesFiltering - skip non existing resourceDirectory /home/omkar/Documents/omkar/Modules/razorpay-demo/src/test/resources
2025-08-07 01:24:24,897 [Worker-44: Building] INFO  o.a.m.s.f.DefaultMavenResourcesFiltering - skip non existing resourceDirectory /home/omkar/Documents/omkar/Modules/razorpay-demo/src/main/resources
2025-08-07 01:24:24,901 [Worker-44: Building] INFO  o.a.m.s.f.DefaultMavenResourcesFiltering - skip non existing resourceDirectory /home/omkar/Documents/omkar/Modules/razorpay-demo/src/test/resources
2025-08-07 01:24:36,888 [Worker-45: Building] INFO  o.a.m.s.f.DefaultMavenResourcesFiltering - skip non existing resourceDirectory /home/omkar/Documents/omkar/Modules/razorpay-demo/src/main/resources
2025-08-07 01:24:36,890 [Worker-45: Building] INFO  o.a.m.s.f.DefaultMavenResourcesFiltering - skip non existing resourceDirectory /home/omkar/Documents/omkar/Modules/razorpay-demo/src/test/resources
2025-08-07 01:26:17,150 [Worker-48: Updating Maven Project] INFO  o.e.m.c.i.p.ProjectConfigurationManager - Update started
2025-08-07 01:26:17,227 [Worker-48: Updating Maven Project] INFO  o.e.m.c.i.l.LifecycleMappingFactory - Using org.maven.ide.eclipse.wtp.WarLifecycleMapping lifecycle mapping for MavenProject: com.module.payment:razorpay-demo:0.0.1-SNAPSHOT @ /home/omkar/Documents/omkar/Modules/razorpay-demo/pom.xml.
2025-08-07 01:26:18,113 [Worker-48: Updating Maven Project] INFO  o.e.m.j.i.AbstractJavaProjectConfigurator - Adding source folder /razorpay-demo/src/main/java
2025-08-07 01:26:18,115 [Worker-48: Updating Maven Project] INFO  o.e.m.j.i.AbstractJavaProjectConfigurator - Adding resource folder /razorpay-demo/src/main/resources
2025-08-07 01:26:18,116 [Worker-48: Updating Maven Project] INFO  o.e.m.j.i.AbstractJavaProjectConfigurator - Adding source folder /razorpay-demo/src/test/java
2025-08-07 01:26:18,116 [Worker-48: Updating Maven Project] INFO  o.e.m.j.i.AbstractJavaProjectConfigurator - Adding resource folder /razorpay-demo/src/test/resources
2025-08-07 01:26:18,291 [Worker-48: Updating Maven Project] INFO  o.e.m.w.i.f.ResourceFilteringBuildParticipant - Cleaning filtered folder for razorpay-demo
2025-08-07 01:26:18,325 [Worker-48: Updating Maven Project] INFO  o.e.m.c.i.p.ProjectConfigurationManager - Update completed for 1 poms: local refresh takes 0.00 sec, refresh facades takes 0.00 sec, update config takes 0.00 sec 
2025-08-07 01:26:18,617 [Worker-51: Building] INFO  o.a.m.s.f.DefaultMavenResourcesFiltering - skip non existing resourceDirectory /home/omkar/Documents/omkar/Modules/razorpay-demo/src/main/resources
2025-08-07 01:26:18,626 [Worker-51: Building] INFO  o.a.m.s.f.DefaultMavenResourcesFiltering - skip non existing resourceDirectory /home/omkar/Documents/omkar/Modules/razorpay-demo/src/test/resources
2025-08-07 01:26:18,626 [Worker-51: Building] INFO  o.e.m.w.i.f.ResourceFilteringBuildParticipant - Changed resources require a complete clean of filtered resources of razorpay-demo
2025-08-07 01:26:18,626 [Worker-51: Building] INFO  o.e.m.w.i.f.ResourceFilteringBuildParticipant - Executing resource filtering for razorpay-demo
2025-08-07 01:46:49,190 [Worker-56: Building] INFO  o.a.m.s.f.DefaultMavenResourcesFiltering - skip non existing resourceDirectory /home/omkar/Documents/omkar/Modules/razorpay-demo/src/main/resources
2025-08-07 01:46:49,192 [Worker-56: Building] INFO  o.a.m.s.f.DefaultMavenResourcesFiltering - skip non existing resourceDirectory /home/omkar/Documents/omkar/Modules/razorpay-demo/src/test/resources
2025-08-07 01:53:16,348 [Worker-55: Building] INFO  o.a.m.s.f.DefaultMavenResourcesFiltering - skip non existing resourceDirectory /home/omkar/Documents/omkar/Modules/razorpay-demo/src/main/resources
2025-08-07 01:53:16,351 [Worker-55: Building] INFO  o.a.m.s.f.DefaultMavenResourcesFiltering - skip non existing resourceDirectory /home/omkar/Documents/omkar/Modules/razorpay-demo/src/test/resources
2025-08-07 01:54:21,072 [Worker-56: Building] INFO  o.a.m.s.f.DefaultMavenResourcesFiltering - skip non existing resourceDirectory /home/omkar/Documents/omkar/Modules/razorpay-demo/src/main/resources
2025-08-07 01:54:21,074 [Worker-56: Building] INFO  o.a.m.s.f.DefaultMavenResourcesFiltering - skip non existing resourceDirectory /home/omkar/Documents/omkar/Modules/razorpay-demo/src/test/resources
2025-08-07 02:07:47,315 [Worker-53: Building] INFO  o.a.m.s.f.DefaultMavenResourcesFiltering - skip non existing resourceDirectory /home/omkar/Documents/omkar/Modules/razorpay-demo/src/main/resources
2025-08-07 02:07:47,318 [Worker-53: Building] INFO  o.a.m.s.f.DefaultMavenResourcesFiltering - skip non existing resourceDirectory /home/omkar/Documents/omkar/Modules/razorpay-demo/src/test/resources
2025-08-07 02:10:03,112 [Worker-56: Building] INFO  o.a.m.s.f.DefaultMavenResourcesFiltering - skip non existing resourceDirectory /home/omkar/Documents/omkar/Modules/razorpay-demo/src/main/resources
2025-08-07 02:10:03,114 [Worker-56: Building] INFO  o.a.m.s.f.DefaultMavenResourcesFiltering - skip non existing resourceDirectory /home/omkar/Documents/omkar/Modules/razorpay-demo/src/test/resources
2025-08-07 02:12:22,248 [Worker-55: Building] INFO  o.a.m.s.f.DefaultMavenResourcesFiltering - skip non existing resourceDirectory /home/omkar/Documents/omkar/Modules/razorpay-demo/src/main/resources
2025-08-07 02:12:22,250 [Worker-55: Building] INFO  o.a.m.s.f.DefaultMavenResourcesFiltering - skip non existing resourceDirectory /home/omkar/Documents/omkar/Modules/razorpay-demo/src/test/resources
2025-08-07 02:14:05,122 [Worker-55: Building] INFO  o.a.m.s.f.DefaultMavenResourcesFiltering - skip non existing resourceDirectory /home/omkar/Documents/omkar/Modules/razorpay-demo/src/main/resources
2025-08-07 02:14:05,125 [Worker-55: Building] INFO  o.a.m.s.f.DefaultMavenResourcesFiltering - skip non existing resourceDirectory /home/omkar/Documents/omkar/Modules/razorpay-demo/src/test/resources
2025-08-07 02:14:19,454 [Worker-57: Building] INFO  o.a.m.s.f.DefaultMavenResourcesFiltering - skip non existing resourceDirectory /home/omkar/Documents/omkar/Modules/razorpay-demo/src/main/resources
2025-08-07 02:14:19,456 [Worker-57: Building] INFO  o.a.m.s.f.DefaultMavenResourcesFiltering - skip non existing resourceDirectory /home/omkar/Documents/omkar/Modules/razorpay-demo/src/test/resources
2025-08-07 02:14:26,328 [Worker-59: Building] INFO  o.a.m.s.f.DefaultMavenResourcesFiltering - skip non existing resourceDirectory /home/omkar/Documents/omkar/Modules/razorpay-demo/src/main/resources
2025-08-07 02:14:26,330 [Worker-59: Building] INFO  o.a.m.s.f.DefaultMavenResourcesFiltering - skip non existing resourceDirectory /home/omkar/Documents/omkar/Modules/razorpay-demo/src/test/resources
2025-08-07 02:15:34,738 [Worker-57: Building] INFO  o.a.m.s.f.DefaultMavenResourcesFiltering - skip non existing resourceDirectory /home/omkar/Documents/omkar/Modules/razorpay-demo/src/main/resources
2025-08-07 02:15:34,742 [Worker-57: Building] INFO  o.a.m.s.f.DefaultMavenResourcesFiltering - skip non existing resourceDirectory /home/omkar/Documents/omkar/Modules/razorpay-demo/src/test/resources
2025-08-07 02:15:40,366 [Worker-55: Building] INFO  o.a.m.s.f.DefaultMavenResourcesFiltering - skip non existing resourceDirectory /home/omkar/Documents/omkar/Modules/razorpay-demo/src/main/resources
2025-08-07 02:15:40,377 [Worker-55: Building] INFO  o.a.m.s.f.DefaultMavenResourcesFiltering - skip non existing resourceDirectory /home/omkar/Documents/omkar/Modules/razorpay-demo/src/test/resources
2025-08-07 02:16:25,980 [Worker-57: Building] INFO  o.a.m.s.f.DefaultMavenResourcesFiltering - skip non existing resourceDirectory /home/omkar/Documents/omkar/Modules/razorpay-demo/src/main/resources
2025-08-07 02:16:25,983 [Worker-57: Building] INFO  o.a.m.s.f.DefaultMavenResourcesFiltering - skip non existing resourceDirectory /home/omkar/Documents/omkar/Modules/razorpay-demo/src/test/resources
2025-08-07 02:19:21,302 [Worker-56: Building] INFO  o.a.m.s.f.DefaultMavenResourcesFiltering - skip non existing resourceDirectory /home/omkar/Documents/omkar/Modules/razorpay-demo/src/main/resources
2025-08-07 02:19:21,305 [Worker-56: Building] INFO  o.a.m.s.f.DefaultMavenResourcesFiltering - skip non existing resourceDirectory /home/omkar/Documents/omkar/Modules/razorpay-demo/src/test/resources
2025-08-07 02:21:41,321 [Worker-55: Building] INFO  o.a.m.s.f.DefaultMavenResourcesFiltering - skip non existing resourceDirectory /home/omkar/Documents/omkar/Modules/razorpay-demo/src/main/resources
2025-08-07 02:21:41,325 [Worker-55: Building] INFO  o.a.m.s.f.DefaultMavenResourcesFiltering - skip non existing resourceDirectory /home/omkar/Documents/omkar/Modules/razorpay-demo/src/test/resources
2025-08-07 02:24:06,495 [Worker-56: Building] INFO  o.a.m.s.f.DefaultMavenResourcesFiltering - skip non existing resourceDirectory /home/omkar/Documents/omkar/Modules/razorpay-demo/src/main/resources
2025-08-07 02:24:06,498 [Worker-56: Building] INFO  o.a.m.s.f.DefaultMavenResourcesFiltering - skip non existing resourceDirectory /home/omkar/Documents/omkar/Modules/razorpay-demo/src/test/resources
2025-08-07 02:30:09,849 [Worker-56: Building] INFO  o.a.m.s.f.DefaultMavenResourcesFiltering - skip non existing resourceDirectory /home/omkar/Documents/omkar/Modules/razorpay-demo/src/main/resources
2025-08-07 02:30:09,851 [Worker-56: Building] INFO  o.a.m.s.f.DefaultMavenResourcesFiltering - skip non existing resourceDirectory /home/omkar/Documents/omkar/Modules/razorpay-demo/src/test/resources
2025-08-07 02:31:06,000 [Worker-60: Building] INFO  o.a.m.s.f.DefaultMavenResourcesFiltering - skip non existing resourceDirectory /home/omkar/Documents/omkar/Modules/razorpay-demo/src/main/resources
2025-08-07 02:31:06,003 [Worker-60: Building] INFO  o.a.m.s.f.DefaultMavenResourcesFiltering - skip non existing resourceDirectory /home/omkar/Documents/omkar/Modules/razorpay-demo/src/test/resources
2025-08-07 02:31:16,237 [Worker-59: Building] INFO  o.a.m.s.f.DefaultMavenResourcesFiltering - skip non existing resourceDirectory /home/omkar/Documents/omkar/Modules/razorpay-demo/src/main/resources
2025-08-07 02:31:16,239 [Worker-59: Building] INFO  o.a.m.s.f.DefaultMavenResourcesFiltering - skip non existing resourceDirectory /home/omkar/Documents/omkar/Modules/razorpay-demo/src/test/resources
2025-08-07 02:31:19,825 [Worker-53: Building] INFO  o.a.m.s.f.DefaultMavenResourcesFiltering - skip non existing resourceDirectory /home/omkar/Documents/omkar/Modules/razorpay-demo/src/main/resources
2025-08-07 02:31:19,827 [Worker-53: Building] INFO  o.a.m.s.f.DefaultMavenResourcesFiltering - skip non existing resourceDirectory /home/omkar/Documents/omkar/Modules/razorpay-demo/src/test/resources
2025-08-07 02:32:45,854 [Worker-60: Building] INFO  o.a.m.s.f.DefaultMavenResourcesFiltering - skip non existing resourceDirectory /home/omkar/Documents/omkar/Modules/razorpay-demo/src/main/resources
2025-08-07 02:32:45,856 [Worker-60: Building] INFO  o.a.m.s.f.DefaultMavenResourcesFiltering - skip non existing resourceDirectory /home/omkar/Documents/omkar/Modules/razorpay-demo/src/test/resources
